<?xml version="1.0" encoding="UTF-8"?>
<!-- Generated by org.testng.reporters.JUnitReportReporter -->
<testsuite hostname="LAPTOP-56NTT3S9" failures="0" tests="1" name="RegressionSuite.AppointmentTest" time="77.810" errors="0" timestamp="2024-02-29T14:14:53 IST" skipped="0">
  <testcase classname="RegressionSuite.AppointmentTest" name="AppointmentTest1" time="77.810"/>
  <system-out/>
</testsuite> <!-- RegressionSuite.AppointmentTest -->
