<?xml version="1.0" encoding="UTF-8"?>
<!-- Generated by org.testng.reporters.JUnitReportReporter -->
<testsuite hostname="LAPTOP-56NTT3S9" failures="0" tests="6" name="RegressionSuite.InsecureCertsTest" time="68.174" errors="0" timestamp="2024-03-01T21:57:34 IST" skipped="0">
  <testcase classname="RegressionSuite.InsecureCertsTest" name="expiredCertTest" time="13.577"/>
  <system-out/>
  <testcase classname="RegressionSuite.InsecureCertsTest" name="wrongHostCertTest" time="11.229"/>
  <system-out/>
  <testcase classname="RegressionSuite.InsecureCertsTest" name="selfsignedCertTest" time="10.830"/>
  <system-out/>
  <testcase classname="RegressionSuite.InsecureCertsTest" name="untrustedCertTest" time="10.799"/>
  <system-out/>
  <testcase classname="RegressionSuite.InsecureCertsTest" name="revokedCertTest" time="10.909"/>
  <system-out/>
  <testcase classname="RegressionSuite.InsecureCertsTest" name="pinningCertTest" time="10.830"/>
  <system-out/>
</testsuite> <!-- RegressionSuite.InsecureCertsTest -->
