<?xml version="1.0" encoding="UTF-8"?>
<!-- Generated by org.testng.reporters.JUnitReportReporter -->
<testsuite hostname="LAPTOP-56NTT3S9" failures="0" tests="1" name="RegressionSuite.AppointmentTest" time="97.278" errors="0" timestamp="2024-03-09T16:39:16 IST" skipped="0">
  <testcase classname="RegressionSuite.AppointmentTest" name="AppointmentTest" time="97.278"/>
  <system-out/>
</testsuite> <!-- RegressionSuite.AppointmentTest -->
