<?xml version="1.0" encoding="UTF-8"?>
<!-- Generated by org.testng.reporters.JUnitReportReporter -->
<testsuite hostname="LAPTOP-56NTT3S9" failures="0" tests="1" name="RegressionSuite.AppointmentTest" time="94.387" errors="0" timestamp="2024-03-01T23:22:53 IST" skipped="0">
  <testcase classname="RegressionSuite.AppointmentTest" name="AppointmentTest" time="94.387"/>
  <system-out/>
</testsuite> <!-- RegressionSuite.AppointmentTest -->
