<?xml version="1.0" encoding="UTF-8"?>
<!-- Generated by org.testng.reporters.JUnitReportReporter -->
<testsuite hostname="LAPTOP-56NTT3S9" failures="0" tests="6" name="RegressionSuite.InsecureCertsTest" time="65.054" errors="0" timestamp="2024-03-01T23:18:58 IST" skipped="0">
  <testcase classname="RegressionSuite.InsecureCertsTest" name="expiredCertTest" time="10.337"/>
  <system-out/>
  <testcase classname="RegressionSuite.InsecureCertsTest" name="wrongHostCertTest" time="11.028"/>
  <system-out/>
  <testcase classname="RegressionSuite.InsecureCertsTest" name="selfsignedCertTest" time="10.653"/>
  <system-out/>
  <testcase classname="RegressionSuite.InsecureCertsTest" name="untrustedCertTest" time="12.054"/>
  <system-out/>
  <testcase classname="RegressionSuite.InsecureCertsTest" name="revokedCertTest" time="10.176"/>
  <system-out/>
  <testcase classname="RegressionSuite.InsecureCertsTest" name="pinningCertTest" time="10.806"/>
  <system-out/>
</testsuite> <!-- RegressionSuite.InsecureCertsTest -->
